<?xml version="1.0" encoding="UTF-8"?>
<testsuite name="org.health_it.HealthItServiceTests" tests="1" skipped="0" failures="0" errors="0" timestamp="2025-03-26T16:34:41.112Z" hostname="Issas-MacBook-Pro.local" time="0.499">
  <properties/>
  <testcase name="testDefaultDataFetch()" classname="org.health_it.HealthItServiceTests" time="0.499"/>
  <system-out><![CDATA[{
  "region" : "Illinois",
  "region_code" : "IL",
  "period" : "2014",
  "pct_md_pa_np_mu_aiu" : 0.0,
  "pct_md_pa_np_mu" : 0.0,
  "pct_md_mu_aiu" : 0.0,
  "pct_md_mu" : 0.0,
  "pct_np_mu_aiu" : 0.0,
  "pct_np_mu" : 0.0,
  "pct_pa_mu_aiu" : 0.0,
  "pct_pa_mu" : 0.0,
  "pct_hospitals_mu_aiu" : 0.0,
  "pct_hospitals_mu" : 0.9,
  "pct_cah_small_rural_mu_aiu" : 0.0,
  "pct_cah_small_rural_mu" : 0.0
}
{
  "region" : "Georgia",
  "region_code" : "GA",
  "period" : "2014",
  "pct_md_pa_np_mu_aiu" : 0.0,
  "pct_md_pa_np_mu" : 0.0,
  "pct_md_mu_aiu" : 0.0,
  "pct_md_mu" : 0.0,
  "pct_np_mu_aiu" : 0.0,
  "pct_np_mu" : 0.0,
  "pct_pa_mu_aiu" : 0.0,
  "pct_pa_mu" : 0.0,
  "pct_hospitals_mu_aiu" : 0.0,
  "pct_hospitals_mu" : 0.5,
  "pct_cah_small_rural_mu_aiu" : 0.0,
  "pct_cah_small_rural_mu" : 0.0
}
{
  "region" : "Alaska",
  "region_code" : "AK",
  "period" : "2014",
  "pct_md_pa_np_mu_aiu" : 0.0,
  "pct_md_pa_np_mu" : 0.0,
  "pct_md_mu_aiu" : 0.0,
  "pct_md_mu" : 0.0,
  "pct_np_mu_aiu" : 0.0,
  "pct_np_mu" : 0.0,
  "pct_pa_mu_aiu" : 0.0,
  "pct_pa_mu" : 0.0,
  "pct_hospitals_mu_aiu" : 0.0,
  "pct_hospitals_mu" : 0.3,
  "pct_cah_small_rural_mu_aiu" : 0.0,
  "pct_cah_small_rural_mu" : 0.0
}
{
  "region" : "West Virginia",
  "region_code" : "WV",
  "period" : "2014",
  "pct_md_pa_np_mu_aiu" : 0.0,
  "pct_md_pa_np_mu" : 0.0,
  "pct_md_mu_aiu" : 0.0,
  "pct_md_mu" : 0.0,
  "pct_np_mu_aiu" : 0.0,
  "pct_np_mu" : 0.0,
  "pct_pa_mu_aiu" : 0.0,
  "pct_pa_mu" : 0.0,
  "pct_hospitals_mu_aiu" : 0.0,
  "pct_hospitals_mu" : 0.01,
  "pct_cah_small_rural_mu_aiu" : 0.0,
  "pct_cah_small_rural_mu" : 0.0
}
]]></system-out>
  <system-err><![CDATA[]]></system-err>
</testsuite>
